<?xml version="1.0" encoding="UTF-8"?>
<testsuite name="seedu.address.logic.commands.ClearCommandTest" tests="1" skipped="0" failures="0" errors="0" timestamp="2022-11-01T14:06:47" hostname="Shaunes-MacBook-Pro.local" time="0.117">
  <properties/>
  <testcase name="execute_emptyAddressBook_throwsCommandException()" classname="seedu.address.logic.commands.ClearCommandTest" time="0.117"/>
  <system-out><![CDATA[]]></system-out>
  <system-err><![CDATA[]]></system-err>
</testsuite>
