<?xml version="1.0" encoding="UTF-8"?>
<testsuite name="FileLoaderSaverTest" tests="2" skipped="0" failures="0" errors="0" timestamp="2022-08-25T15:30:22" hostname="Shaunes-MacBook-Pro.local" time="0.02">
  <properties/>
  <testcase name="testLoadFile()" classname="FileLoaderSaverTest" time="0.017"/>
  <testcase name="testWriteToFile()" classname="FileLoaderSaverTest" time="0.003"/>
  <system-out><![CDATA[]]></system-out>
  <system-err><![CDATA[]]></system-err>
</testsuite>
